[debug] [2023-08-02T15:18:03.450Z] ----------------------------------------------------------------------
[debug] [2023-08-02T15:18:03.469Z] Command:       C:\Program Files\nodejs\node.exe C:\Users\DELL\AppData\Roaming\npm\node_modules\firebase-tools\lib\bin\firebase.js init
[debug] [2023-08-02T15:18:03.470Z] CLI Version:   12.4.6
[debug] [2023-08-02T15:18:03.471Z] Platform:      win32
[debug] [2023-08-02T15:18:03.472Z] Node Version:  v18.17.0
[debug] [2023-08-02T15:18:03.473Z] Time:          Wed Aug 02 2023 20:48:03 GMT+0530 (India Standard Time)
[debug] [2023-08-02T15:18:03.473Z] ----------------------------------------------------------------------
[debug] 
[debug] [2023-08-02T15:18:03.785Z] > command requires scopes: ["email","openid","https://www.googleapis.com/auth/cloudplatformprojects.readonly","https://www.googleapis.com/auth/firebase","https://www.googleapis.com/auth/cloud-platform"]
[debug] [2023-08-02T15:18:03.787Z] > authorizing via signed-in user (bhaavana2000@gmail.com)
[info] 
     ######## #### ########  ######## ########     ###     ######  ########
     ##        ##  ##     ## ##       ##     ##  ##   ##  ##       ##
     ######    ##  ########  ######   ########  #########  ######  ######
     ##        ##  ##    ##  ##       ##     ## ##     ##       ## ##
     ##       #### ##     ## ######## ########  ##     ##  ######  ########

You're about to initialize a Firebase project in this directory:

  C:\Users\DELL\Documents\New folder\amazon-clone

Before we get started, keep in mind:

  * You are initializing within an existing Firebase project directory

[info] 
=== Project Setup
[info] 
[info] First, let's associate this project directory with a Firebase project.
[info] You can create multiple project aliases by running firebase use --add, 
[info] but for now we'll just set up a default project.
[info] 
[debug] [2023-08-02T15:21:33.482Z] Using project from CLI flag: clone-14ba9
[debug] [2023-08-02T15:21:33.485Z] > refreshing access token with scopes: []
[debug] [2023-08-02T15:21:33.497Z] >>> [apiv2][query] POST https://www.googleapis.com/oauth2/v3/token [none]
[debug] [2023-08-02T15:21:33.498Z] >>> [apiv2][body] POST https://www.googleapis.com/oauth2/v3/token [omitted]
[debug] [2023-08-02T15:21:38.512Z] <<< [apiv2][status] POST https://www.googleapis.com/oauth2/v3/token 200
[debug] [2023-08-02T15:21:38.512Z] <<< [apiv2][body] POST https://www.googleapis.com/oauth2/v3/token [omitted]
[debug] [2023-08-02T15:21:38.821Z] >>> [apiv2][query] GET https://firebase.googleapis.com/v1beta1/projects/clone-14ba9 [none]
[debug] [2023-08-02T15:21:39.410Z] <<< [apiv2][status] GET https://firebase.googleapis.com/v1beta1/projects/clone-14ba9 200
[debug] [2023-08-02T15:21:39.410Z] <<< [apiv2][body] GET https://firebase.googleapis.com/v1beta1/projects/clone-14ba9 {"projectId":"clone-14ba9","projectNumber":"306286878220","displayName":"amazon-clone","name":"projects/clone-14ba9","resources":{"hostingSite":"clone-14ba9"},"state":"ACTIVE","etag":"1_abaffee1-4895-4438-9dd1-af7d58d2b2c3"}
[info] i  Using project clone-14ba9 (amazon-clone) 
[info] 
=== Emulators Setup
